======================= 初始化日志文件 ======================= 

[10:23:47] [ INFO ]  600115 -- 初始化BS
[10:23:47] [ TIPS ]  600115 -- 下次将触发SELL操作
[10:23:47] [ INFO ]  600115 -- BS：0
[10:23:49] [ INFO ]  002603 -- 初始化BS
[10:23:49] [ TIPS ]  002603 -- 下次将触发BUY操作
[10:23:49] [ INFO ]  002603 -- BS：1
[10:23:51] [ INFO ]  002349 -- 初始化BS
[10:23:51] [ TIPS ]  002349 -- 下次将触发SELL操作
[10:23:51] [ INFO ]  002349 -- BS：0
[10:23:53] [ TIPS ]  002251 -- 首次保存5分钟k线: Data/002251.csv
[10:23:53] [ INFO ]  002251 -- 初始化BS
[10:23:53] [ TIPS ]  002251 -- 下次将触发SELL操作
[10:23:53] [ INFO ]  002251 -- BS：0
[10:23:55] [ TIPS ]  000983 -- 首次保存5分钟k线: Data/000983.csv
[10:23:55] [ INFO ]  000983 -- 初始化BS
[10:23:55] [ TIPS ]  000983 -- 下次将触发SELL操作
[10:23:55] [ INFO ]  000983 -- BS：0
[10:24:14] [ INFO ]  600115 -- Price:4.79 | Basic:4.76 | Refer:4.74 | Dv:0.02
[10:24:16] [ INFO ]  002603 -- Price:26.85 | Basic:26.95 | Refer:26.98 | Dv:-0.03
[10:24:18] [ INFO ]  002349 -- Price:9.38 | Basic:9.39 | Refer:9.39 | Dv:0.0
[10:24:21] [ INFO ]  002251 -- Price:4.8 | Basic:4.81 | Refer:4.81 | Dv:0.0
[10:24:23] [ INFO ]  000983 -- Price:10.31 | Basic:10.21 | Refer:10.18 | Dv:0.03
[10:24:45] [ INFO ]  600115 -- Price:4.79 | Basic:4.76 | Refer:4.74 | Dv:0.02
[10:24:47] [ INFO ]  002603 -- Price:26.85 | Basic:26.95 | Refer:26.98 | Dv:-0.03
[10:24:49] [ INFO ]  002349 -- Price:9.38 | Basic:9.39 | Refer:9.39 | Dv:0.0
[10:24:51] [ INFO ]  002251 -- Price:4.8 | Basic:4.81 | Refer:4.81 | Dv:0.0
[10:24:53] [ INFO ]  000983 -- Price:10.31 | Basic:10.21 | Refer:10.18 | Dv:0.03
[10:25:15] [ INFO ]  600115 -- Price:4.79 | Basic:4.76 | Refer:4.74 | Dv:0.02
[10:25:17] [ INFO ]  002603 -- Price:26.85 | Basic:26.95 | Refer:26.98 | Dv:-0.03
[10:25:19] [ INFO ]  002349 -- Price:9.38 | Basic:9.39 | Refer:9.39 | Dv:0.0
[10:25:21] [ TIPS ]  000983 -- 更新5分钟k线
[10:25:21] [ TIPS ]  600115 -- 更新5分钟k线
[10:25:22] [ TIPS ]  002251 -- 更新5分钟k线
[10:25:22] [ TIPS ]  002349 -- 更新5分钟k线
[10:25:23] [ TIPS ]  002603 -- 更新5分钟k线
[10:25:27] [ INFO ]  002251 -- Price:4.8 | Basic:4.81 | Refer:4.81 | Dv:0.0
[10:25:29] [ INFO ]  000983 -- Price:10.31 | Basic:10.21 | Refer:10.18 | Dv:0.03
[10:25:51] [ INFO ]  600115 -- Price:4.79 | Basic:4.76 | Refer:4.74 | Dv:0.02
[10:25:54] [ INFO ]  002603 -- Price:26.85 | Basic:26.95 | Refer:26.98 | Dv:-0.03
[10:25:55] [ INFO ]  002349 -- Price:9.38 | Basic:9.39 | Refer:9.39 | Dv:0.0
[10:25:57] [ INFO ]  002251 -- Price:4.8 | Basic:4.81 | Refer:4.81 | Dv:0.0
[10:25:59] [ INFO ]  000983 -- Price:10.31 | Basic:10.21 | Refer:10.18 | Dv:0.03
[10:26:22] [ INFO ]  600115 -- Price:4.79 | Basic:4.76 | Refer:4.74 | Dv:0.02
[10:26:24] [ INFO ]  002603 -- Price:26.85 | Basic:26.95 | Refer:26.98 | Dv:-0.03
[10:26:26] [ INFO ]  002349 -- Price:9.38 | Basic:9.39 | Refer:9.39 | Dv:0.0
[10:26:28] [ INFO ]  002251 -- Price:4.8 | Basic:4.81 | Refer:4.81 | Dv:0.0
[10:26:30] [ INFO ]  000983 -- Price:10.31 | Basic:10.21 | Refer:10.18 | Dv:0.03
[10:26:52] [ INFO ]  600115 -- Price:4.79 | Basic:4.76 | Refer:4.74 | Dv:0.02
[10:26:55] [ INFO ]  002603 -- Price:26.85 | Basic:26.95 | Refer:26.98 | Dv:-0.03
[10:26:56] [ INFO ]  002349 -- Price:9.38 | Basic:9.39 | Refer:9.39 | Dv:0.0
[10:26:59] [ INFO ]  002251 -- Price:4.8 | Basic:4.81 | Refer:4.81 | Dv:0.0
[10:27:00] [ INFO ]  000983 -- Price:10.31 | Basic:10.21 | Refer:10.18 | Dv:0.03
[10:27:23] [ INFO ]  600115 -- Price:4.79 | Basic:4.76 | Refer:4.74 | Dv:0.02
[10:27:25] [ INFO ]  002603 -- Price:26.85 | Basic:26.95 | Refer:26.98 | Dv:-0.03
[10:27:27] [ INFO ]  002349 -- Price:9.38 | Basic:9.39 | Refer:9.39 | Dv:0.0
[10:27:29] [ INFO ]  002251 -- Price:4.8 | Basic:4.81 | Refer:4.81 | Dv:0.0
[10:27:31] [ INFO ]  000983 -- Price:10.31 | Basic:10.21 | Refer:10.18 | Dv:0.03
[10:27:53] [ INFO ]  600115 -- Price:4.79 | Basic:4.76 | Refer:4.74 | Dv:0.02
[10:27:56] [ INFO ]  002603 -- Price:26.85 | Basic:26.95 | Refer:26.98 | Dv:-0.03
[10:27:57] [ INFO ]  002349 -- Price:9.38 | Basic:9.39 | Refer:9.39 | Dv:0.0
[10:28:00] [ INFO ]  002251 -- Price:4.8 | Basic:4.81 | Refer:4.81 | Dv:0.0
[10:28:03] [ INFO ]  000983 -- Price:10.31 | Basic:10.21 | Refer:10.18 | Dv:0.03
[10:28:24] [ INFO ]  600115 -- Price:4.79 | Basic:4.76 | Refer:4.74 | Dv:0.02
[10:28:26] [ INFO ]  002603 -- Price:26.85 | Basic:26.95 | Refer:26.98 | Dv:-0.03
[10:28:28] [ INFO ]  002349 -- Price:9.38 | Basic:9.39 | Refer:9.39 | Dv:0.0
[10:28:30] [ INFO ]  002251 -- Price:4.8 | Basic:4.81 | Refer:4.81 | Dv:0.0
[10:28:33] [ INFO ]  000983 -- Price:10.31 | Basic:10.21 | Refer:10.18 | Dv:0.03
[10:28:54] [ INFO ]  600115 -- Price:4.79 | Basic:4.76 | Refer:4.74 | Dv:0.02
[10:28:57] [ INFO ]  002603 -- Price:26.85 | Basic:26.95 | Refer:26.98 | Dv:-0.03
[10:28:58] [ INFO ]  002349 -- Price:9.38 | Basic:9.39 | Refer:9.39 | Dv:0.0
[10:29:01] [ INFO ]  002251 -- Price:4.8 | Basic:4.81 | Refer:4.81 | Dv:0.0
[10:29:04] [ INFO ]  000983 -- Price:10.31 | Basic:10.21 | Refer:10.18 | Dv:0.03
[10:29:25] [ INFO ]  600115 -- Price:4.79 | Basic:4.76 | Refer:4.74 | Dv:0.02
[10:29:27] [ INFO ]  002603 -- Price:26.85 | Basic:26.95 | Refer:26.98 | Dv:-0.03
[10:29:29] [ INFO ]  002349 -- Price:9.38 | Basic:9.39 | Refer:9.39 | Dv:0.0
[10:29:31] [ INFO ]  002251 -- Price:4.8 | Basic:4.81 | Refer:4.81 | Dv:0.0
[10:29:34] [ INFO ]  000983 -- Price:10.31 | Basic:10.21 | Refer:10.18 | Dv:0.03
[10:29:55] [ INFO ]  600115 -- Price:4.79 | Basic:4.76 | Refer:4.74 | Dv:0.02
[10:29:58] [ INFO ]  002603 -- Price:26.85 | Basic:26.95 | Refer:26.98 | Dv:-0.03
[10:29:59] [ INFO ]  002349 -- Price:9.38 | Basic:9.39 | Refer:9.39 | Dv:0.0
[10:30:02] [ INFO ]  002251 -- Price:4.8 | Basic:4.81 | Refer:4.81 | Dv:0.0
[10:30:05] [ INFO ]  000983 -- Price:10.31 | Basic:10.21 | Refer:10.18 | Dv:0.03
[10:30:21] [ TIPS ]  002349 -- 更新5分钟k线
[10:30:22] [ TIPS ]  002603 -- 更新5分钟k线
[10:30:22] [ TIPS ]  600115 -- 更新5分钟k线
[10:30:23] [ TIPS ]  000983 -- 更新5分钟k线
[10:30:23] [ TIPS ]  002251 -- 更新5分钟k线
[10:30:31] [ INFO ]  600115 -- Price:4.79 | Basic:4.76 | Refer:4.74 | Dv:0.02
[10:30:33] [ INFO ]  002603 -- Price:26.85 | Basic:26.95 | Refer:26.98 | Dv:-0.03
[10:30:35] [ INFO ]  002349 -- Price:9.38 | Basic:9.39 | Refer:9.39 | Dv:0.0
[10:30:37] [ INFO ]  002251 -- Price:4.8 | Basic:4.81 | Refer:4.81 | Dv:0.0
[10:30:40] [ INFO ]  000983 -- Price:10.31 | Basic:10.21 | Refer:10.18 | Dv:0.03
[10:31:01] [ INFO ]  600115 -- Price:4.79 | Basic:4.76 | Refer:4.74 | Dv:0.02
[10:31:04] [ INFO ]  002603 -- Price:26.85 | Basic:26.95 | Refer:26.98 | Dv:-0.03
[10:31:05] [ INFO ]  002349 -- Price:9.38 | Basic:9.39 | Refer:9.39 | Dv:0.0
[10:31:08] [ INFO ]  002251 -- Price:4.8 | Basic:4.81 | Refer:4.81 | Dv:0.0
[10:31:11] [ INFO ]  000983 -- Price:10.31 | Basic:10.21 | Refer:10.18 | Dv:0.03
[10:31:32] [ INFO ]  600115 -- Price:4.79 | Basic:4.76 | Refer:4.74 | Dv:0.02
[10:31:35] [ INFO ]  002603 -- Price:26.85 | Basic:26.95 | Refer:26.98 | Dv:-0.03
[10:31:36] [ INFO ]  002349 -- Price:9.38 | Basic:9.39 | Refer:9.39 | Dv:0.0
[10:31:38] [ INFO ]  002251 -- Price:4.8 | Basic:4.81 | Refer:4.81 | Dv:0.0
[10:31:41] [ INFO ]  000983 -- Price:10.31 | Basic:10.21 | Refer:10.18 | Dv:0.03
[10:32:02] [ INFO ]  600115 -- Price:4.79 | Basic:4.76 | Refer:4.74 | Dv:0.02
[10:32:05] [ INFO ]  002603 -- Price:26.85 | Basic:26.95 | Refer:26.98 | Dv:-0.03
[10:32:07] [ INFO ]  002349 -- Price:9.38 | Basic:9.39 | Refer:9.39 | Dv:0.0
[10:32:09] [ INFO ]  002251 -- Price:4.8 | Basic:4.81 | Refer:4.81 | Dv:0.0
[10:32:12] [ INFO ]  000983 -- Price:10.31 | Basic:10.21 | Refer:10.18 | Dv:0.03
[10:32:33] [ INFO ]  600115 -- Price:4.79 | Basic:4.76 | Refer:4.74 | Dv:0.02
[10:32:36] [ INFO ]  002603 -- Price:26.85 | Basic:26.95 | Refer:26.98 | Dv:-0.03
[10:32:37] [ INFO ]  002349 -- Price:9.38 | Basic:9.39 | Refer:9.39 | Dv:0.0
[10:32:39] [ INFO ]  002251 -- Price:4.8 | Basic:4.81 | Refer:4.81 | Dv:0.0
[10:32:43] [ INFO ]  000983 -- Price:10.31 | Basic:10.21 | Refer:10.18 | Dv:0.03
[10:33:03] [ INFO ]  600115 -- Price:4.79 | Basic:4.76 | Refer:4.74 | Dv:0.02
[10:33:06] [ INFO ]  002603 -- Price:26.85 | Basic:26.95 | Refer:26.98 | Dv:-0.03
[10:33:07] [ INFO ]  002349 -- Price:9.38 | Basic:9.39 | Refer:9.39 | Dv:0.0
[10:33:10] [ INFO ]  002251 -- Price:4.8 | Basic:4.81 | Refer:4.81 | Dv:0.0
[10:33:13] [ INFO ]  000983 -- Price:10.31 | Basic:10.21 | Refer:10.18 | Dv:0.03
[10:33:34] [ INFO ]  600115 -- Price:4.79 | Basic:4.76 | Refer:4.74 | Dv:0.02
[10:33:37] [ INFO ]  002603 -- Price:26.85 | Basic:26.95 | Refer:26.98 | Dv:-0.03
[10:33:38] [ INFO ]  002349 -- Price:9.38 | Basic:9.39 | Refer:9.39 | Dv:0.0
[10:33:40] [ INFO ]  002251 -- Price:4.8 | Basic:4.81 | Refer:4.81 | Dv:0.0
[10:33:44] [ INFO ]  000983 -- Price:10.31 | Basic:10.21 | Refer:10.18 | Dv:0.03
[10:34:04] [ INFO ]  600115 -- Price:4.79 | Basic:4.76 | Refer:4.74 | Dv:0.02
[10:34:07] [ INFO ]  002603 -- Price:26.85 | Basic:26.95 | Refer:26.98 | Dv:-0.03
[10:34:09] [ INFO ]  002349 -- Price:9.38 | Basic:9.39 | Refer:9.39 | Dv:0.0
[10:34:11] [ INFO ]  002251 -- Price:4.8 | Basic:4.81 | Refer:4.81 | Dv:0.0
[10:34:14] [ INFO ]  000983 -- Price:10.31 | Basic:10.21 | Refer:10.18 | Dv:0.03
[10:34:35] [ INFO ]  600115 -- Price:4.79 | Basic:4.76 | Refer:4.74 | Dv:0.02
[10:34:37] [ INFO ]  002603 -- Price:26.85 | Basic:26.95 | Refer:26.98 | Dv:-0.03
[10:34:40] [ INFO ]  002349 -- Price:9.38 | Basic:9.39 | Refer:9.39 | Dv:0.0
[10:34:42] [ INFO ]  002251 -- Price:4.8 | Basic:4.81 | Refer:4.81 | Dv:0.0
[10:34:45] [ INFO ]  000983 -- Price:10.31 | Basic:10.21 | Refer:10.18 | Dv:0.03
[10:35:05] [ INFO ]  600115 -- Price:4.79 | Basic:4.76 | Refer:4.74 | Dv:0.02
[10:35:08] [ INFO ]  002603 -- Price:26.85 | Basic:26.95 | Refer:26.98 | Dv:-0.03
[10:35:10] [ INFO ]  002349 -- Price:9.38 | Basic:9.39 | Refer:9.39 | Dv:0.0
[10:35:12] [ INFO ]  002251 -- Price:4.8 | Basic:4.81 | Refer:4.81 | Dv:0.0
[10:35:16] [ INFO ]  000983 -- Price:10.31 | Basic:10.21 | Refer:10.18 | Dv:0.03
[10:35:21] [ TIPS ]  002251 -- 更新5分钟k线
[10:35:22] [ TIPS ]  000983 -- 更新5分钟k线
[10:35:22] [ TIPS ]  002349 -- 更新5分钟k线
[10:35:23] [ TIPS ]  002603 -- 更新5分钟k线
[10:35:23] [ TIPS ]  600115 -- 更新5分钟k线
[10:35:41] [ INFO ]  600115 -- Price:4.79 | Basic:4.76 | Refer:4.74 | Dv:0.02
[10:35:44] [ INFO ]  002603 -- Price:26.85 | Basic:26.95 | Refer:26.98 | Dv:-0.03
[10:35:46] [ INFO ]  002349 -- Price:9.38 | Basic:9.39 | Refer:9.39 | Dv:0.0
[10:35:48] [ INFO ]  002251 -- Price:4.8 | Basic:4.81 | Refer:4.81 | Dv:0.0
[10:35:51] [ INFO ]  000983 -- Price:10.31 | Basic:10.21 | Refer:10.18 | Dv:0.03
[10:36:11] [ INFO ]  600115 -- Price:4.79 | Basic:4.76 | Refer:4.74 | Dv:0.02
[10:36:14] [ INFO ]  002603 -- Price:26.85 | Basic:26.95 | Refer:26.98 | Dv:-0.03
[10:36:16] [ INFO ]  002349 -- Price:9.38 | Basic:9.39 | Refer:9.39 | Dv:0.0
[10:36:18] [ INFO ]  002251 -- Price:4.8 | Basic:4.81 | Refer:4.81 | Dv:0.0
[10:36:22] [ INFO ]  000983 -- Price:10.31 | Basic:10.21 | Refer:10.18 | Dv:0.03
[10:36:42] [ INFO ]  600115 -- Price:4.79 | Basic:4.76 | Refer:4.74 | Dv:0.02
[10:36:45] [ INFO ]  002603 -- Price:26.85 | Basic:26.95 | Refer:26.98 | Dv:-0.03
[10:36:47] [ INFO ]  002349 -- Price:9.38 | Basic:9.39 | Refer:9.39 | Dv:0.0
[10:36:49] [ INFO ]  002251 -- Price:4.8 | Basic:4.81 | Refer:4.81 | Dv:0.0
[10:36:52] [ INFO ]  000983 -- Price:10.31 | Basic:10.21 | Refer:10.18 | Dv:0.03
[10:37:12] [ INFO ]  600115 -- Price:4.79 | Basic:4.76 | Refer:4.74 | Dv:0.02
[10:37:15] [ INFO ]  002603 -- Price:26.85 | Basic:26.95 | Refer:26.98 | Dv:-0.03
[10:37:17] [ INFO ]  002349 -- Price:9.38 | Basic:9.39 | Refer:9.39 | Dv:0.0
[10:37:19] [ INFO ]  002251 -- Price:4.8 | Basic:4.81 | Refer:4.81 | Dv:0.0
[10:37:23] [ INFO ]  000983 -- Price:10.31 | Basic:10.21 | Refer:10.18 | Dv:0.03
[10:37:43] [ INFO ]  600115 -- Price:4.79 | Basic:4.76 | Refer:4.74 | Dv:0.02
[10:37:46] [ INFO ]  002603 -- Price:26.85 | Basic:26.95 | Refer:26.98 | Dv:-0.03
[10:37:48] [ INFO ]  002349 -- Price:9.38 | Basic:9.39 | Refer:9.39 | Dv:0.0
[10:37:50] [ INFO ]  002251 -- Price:4.8 | Basic:4.81 | Refer:4.81 | Dv:0.0
[10:37:53] [ INFO ]  000983 -- Price:10.31 | Basic:10.21 | Refer:10.18 | Dv:0.03
[10:38:16] [ INFO ]  600115 -- Price:4.79 | Basic:4.76 | Refer:4.74 | Dv:0.02
[10:38:17] [ INFO ]  002603 -- Price:26.85 | Basic:26.95 | Refer:26.98 | Dv:-0.03
[10:38:19] [ INFO ]  002349 -- Price:9.38 | Basic:9.39 | Refer:9.39 | Dv:0.0
[10:38:21] [ INFO ]  002251 -- Price:4.8 | Basic:4.81 | Refer:4.81 | Dv:0.0
[10:38:24] [ INFO ]  000983 -- Price:10.31 | Basic:10.21 | Refer:10.18 | Dv:0.03
[10:38:47] [ INFO ]  600115 -- Price:4.79 | Basic:4.76 | Refer:4.74 | Dv:0.02
[10:38:48] [ INFO ]  002603 -- Price:26.85 | Basic:26.95 | Refer:26.98 | Dv:-0.03
[10:38:50] [ INFO ]  002349 -- Price:9.38 | Basic:9.39 | Refer:9.39 | Dv:0.0
[10:38:51] [ INFO ]  002251 -- Price:4.8 | Basic:4.81 | Refer:4.81 | Dv:0.0
[10:38:54] [ INFO ]  000983 -- Price:10.31 | Basic:10.21 | Refer:10.18 | Dv:0.03
[10:39:18] [ INFO ]  600115 -- Price:4.79 | Basic:4.76 | Refer:4.74 | Dv:0.02
[10:39:18] [ INFO ]  002603 -- Price:26.85 | Basic:26.95 | Refer:26.98 | Dv:-0.03
[10:39:20] [ INFO ]  002349 -- Price:9.38 | Basic:9.39 | Refer:9.39 | Dv:0.0
[10:39:22] [ INFO ]  002251 -- Price:4.8 | Basic:4.81 | Refer:4.81 | Dv:0.0
[10:39:25] [ INFO ]  000983 -- Price:10.31 | Basic:10.21 | Refer:10.18 | Dv:0.03
[10:39:48] [ INFO ]  600115 -- Price:4.79 | Basic:4.76 | Refer:4.74 | Dv:0.02
[10:39:49] [ INFO ]  002603 -- Price:26.85 | Basic:26.95 | Refer:26.98 | Dv:-0.03
[10:39:51] [ INFO ]  002349 -- Price:9.38 | Basic:9.39 | Refer:9.39 | Dv:0.0
[10:39:52] [ INFO ]  002251 -- Price:4.8 | Basic:4.81 | Refer:4.81 | Dv:0.0
[10:39:56] [ INFO ]  000983 -- Price:10.31 | Basic:10.21 | Refer:10.18 | Dv:0.03
[10:40:19] [ INFO ]  600115 -- Price:4.79 | Basic:4.76 | Refer:4.74 | Dv:0.02
[10:40:19] [ INFO ]  002603 -- Price:26.85 | Basic:26.95 | Refer:26.98 | Dv:-0.03
[10:40:21] [ TIPS ]  002349 -- 更新5分钟k线
[10:40:22] [ TIPS ]  600115 -- 更新5分钟k线
[10:40:22] [ TIPS ]  002603 -- 更新5分钟k线
[10:40:23] [ TIPS ]  002251 -- 更新5分钟k线
[10:40:23] [ TIPS ]  000983 -- 更新5分钟k线
[10:40:26] [ INFO ]  002349 -- Price:9.38 | Basic:9.39 | Refer:9.39 | Dv:0.0
[10:40:28] [ INFO ]  002251 -- Price:4.8 | Basic:4.81 | Refer:4.81 | Dv:0.0
[10:40:31] [ INFO ]  000983 -- Price:10.31 | Basic:10.21 | Refer:10.18 | Dv:0.03
[10:40:54] [ INFO ]  600115 -- Price:4.79 | Basic:4.76 | Refer:4.74 | Dv:0.02
[10:40:55] [ INFO ]  002603 -- Price:26.85 | Basic:26.95 | Refer:26.98 | Dv:-0.03
[10:40:57] [ INFO ]  002349 -- Price:9.38 | Basic:9.39 | Refer:9.39 | Dv:0.0
[10:40:58] [ INFO ]  002251 -- Price:4.8 | Basic:4.81 | Refer:4.81 | Dv:0.0
[10:41:02] [ INFO ]  000983 -- Price:10.31 | Basic:10.21 | Refer:10.18 | Dv:0.03
[10:41:25] [ INFO ]  600115 -- Price:4.79 | Basic:4.76 | Refer:4.74 | Dv:0.02
[10:41:26] [ INFO ]  002603 -- Price:26.85 | Basic:26.95 | Refer:26.98 | Dv:-0.03
[10:41:28] [ INFO ]  002349 -- Price:9.38 | Basic:9.39 | Refer:9.39 | Dv:0.0
[10:41:29] [ INFO ]  002251 -- Price:4.8 | Basic:4.81 | Refer:4.81 | Dv:0.0
[10:41:32] [ INFO ]  000983 -- Price:10.31 | Basic:10.21 | Refer:10.18 | Dv:0.03
[10:41:56] [ INFO ]  600115 -- Price:4.79 | Basic:4.76 | Refer:4.74 | Dv:0.02
[10:41:56] [ INFO ]  002603 -- Price:26.85 | Basic:26.95 | Refer:26.98 | Dv:-0.03
[10:41:58] [ INFO ]  002349 -- Price:9.38 | Basic:9.39 | Refer:9.39 | Dv:0.0
[10:42:00] [ INFO ]  002251 -- Price:4.8 | Basic:4.81 | Refer:4.81 | Dv:0.0
[10:42:03] [ INFO ]  000983 -- Price:10.31 | Basic:10.21 | Refer:10.18 | Dv:0.03
[10:42:26] [ INFO ]  600115 -- Price:4.79 | Basic:4.76 | Refer:4.74 | Dv:0.02
[10:42:27] [ INFO ]  002603 -- Price:26.85 | Basic:26.95 | Refer:26.98 | Dv:-0.03
[10:42:29] [ INFO ]  002349 -- Price:9.38 | Basic:9.39 | Refer:9.39 | Dv:0.0
[10:42:30] [ INFO ]  002251 -- Price:4.8 | Basic:4.81 | Refer:4.81 | Dv:0.0
[10:42:33] [ INFO ]  000983 -- Price:10.31 | Basic:10.21 | Refer:10.18 | Dv:0.03
[10:42:57] [ INFO ]  600115 -- Price:4.79 | Basic:4.76 | Refer:4.74 | Dv:0.02
[10:42:57] [ INFO ]  002603 -- Price:26.85 | Basic:26.95 | Refer:26.98 | Dv:-0.03
[10:43:00] [ INFO ]  002349 -- Price:9.38 | Basic:9.39 | Refer:9.39 | Dv:0.0
[10:43:00] [ INFO ]  002251 -- Price:4.8 | Basic:4.81 | Refer:4.81 | Dv:0.0
[10:43:04] [ INFO ]  000983 -- Price:10.31 | Basic:10.21 | Refer:10.18 | Dv:0.03
[10:43:27] [ INFO ]  600115 -- Price:4.79 | Basic:4.76 | Refer:4.74 | Dv:0.02
[10:43:28] [ INFO ]  002603 -- Price:26.85 | Basic:26.95 | Refer:26.98 | Dv:-0.03
[10:43:30] [ INFO ]  002349 -- Price:9.38 | Basic:9.39 | Refer:9.39 | Dv:0.0
[10:43:31] [ INFO ]  002251 -- Price:4.8 | Basic:4.81 | Refer:4.81 | Dv:0.0
[10:43:35] [ INFO ]  000983 -- Price:10.31 | Basic:10.21 | Refer:10.18 | Dv:0.03
[10:43:58] [ INFO ]  600115 -- Price:4.79 | Basic:4.76 | Refer:4.74 | Dv:0.02
[10:43:58] [ INFO ]  002603 -- Price:26.85 | Basic:26.95 | Refer:26.98 | Dv:-0.03
[10:44:01] [ INFO ]  002349 -- Price:9.38 | Basic:9.39 | Refer:9.39 | Dv:0.0
[10:44:02] [ INFO ]  002251 -- Price:4.8 | Basic:4.81 | Refer:4.81 | Dv:0.0
[10:44:05] [ INFO ]  000983 -- Price:10.31 | Basic:10.21 | Refer:10.18 | Dv:0.03
[10:44:28] [ INFO ]  600115 -- Price:4.79 | Basic:4.76 | Refer:4.74 | Dv:0.02
[10:44:29] [ INFO ]  002603 -- Price:26.85 | Basic:26.95 | Refer:26.98 | Dv:-0.03
[10:44:31] [ INFO ]  002349 -- Price:9.38 | Basic:9.39 | Refer:9.39 | Dv:0.0
[10:44:32] [ INFO ]  002251 -- Price:4.8 | Basic:4.81 | Refer:4.81 | Dv:0.0
[10:44:36] [ INFO ]  000983 -- Price:10.31 | Basic:10.21 | Refer:10.18 | Dv:0.03
[10:44:59] [ INFO ]  600115 -- Price:4.79 | Basic:4.76 | Refer:4.74 | Dv:0.02
[10:44:59] [ INFO ]  002603 -- Price:26.85 | Basic:26.95 | Refer:26.98 | Dv:-0.03
[10:45:02] [ INFO ]  002349 -- Price:9.38 | Basic:9.39 | Refer:9.39 | Dv:0.0
[10:45:03] [ INFO ]  002251 -- Price:4.8 | Basic:4.81 | Refer:4.81 | Dv:0.0
[10:45:06] [ INFO ]  000983 -- Price:10.31 | Basic:10.21 | Refer:10.18 | Dv:0.03
[10:45:21] [ TIPS ]  002603 -- 更新5分钟k线
[10:45:21] [ TIPS ]  002251 -- 更新5分钟k线
[10:45:22] [ TIPS ]  000983 -- 更新5分钟k线
[10:45:23] [ TIPS ]  600115 -- 更新5分钟k线
[10:45:23] [ TIPS ]  002349 -- 更新5分钟k线
[10:45:35] [ INFO ]  600115 -- Price:4.79 | Basic:4.76 | Refer:4.74 | Dv:0.02
[10:45:35] [ INFO ]  002603 -- Price:26.85 | Basic:26.95 | Refer:26.98 | Dv:-0.03
[10:45:38] [ INFO ]  002349 -- Price:9.38 | Basic:9.39 | Refer:9.39 | Dv:0.0
[10:45:39] [ INFO ]  002251 -- Price:4.8 | Basic:4.81 | Refer:4.81 | Dv:0.0
[10:45:42] [ INFO ]  000983 -- Price:10.31 | Basic:10.21 | Refer:10.18 | Dv:0.03
[10:46:05] [ INFO ]  600115 -- Price:4.79 | Basic:4.76 | Refer:4.74 | Dv:0.02
[10:46:06] [ INFO ]  002603 -- Price:26.85 | Basic:26.95 | Refer:26.98 | Dv:-0.03
[10:46:09] [ INFO ]  002251 -- Price:4.8 | Basic:4.81 | Refer:4.81 | Dv:0.0
[10:46:11] [ INFO ]  002349 -- Price:9.38 | Basic:9.39 | Refer:9.39 | Dv:0.0
[10:46:13] [ INFO ]  000983 -- Price:10.31 | Basic:10.21 | Refer:10.18 | Dv:0.03
[10:46:36] [ INFO ]  600115 -- Price:4.79 | Basic:4.76 | Refer:4.74 | Dv:0.02
[10:46:36] [ INFO ]  002603 -- Price:26.85 | Basic:26.95 | Refer:26.98 | Dv:-0.03
[10:46:40] [ INFO ]  002251 -- Price:4.8 | Basic:4.81 | Refer:4.81 | Dv:0.0
[10:46:42] [ INFO ]  002349 -- Price:9.38 | Basic:9.39 | Refer:9.39 | Dv:0.0
[10:46:44] [ INFO ]  000983 -- Price:10.31 | Basic:10.21 | Refer:10.18 | Dv:0.03
[10:47:06] [ INFO ]  600115 -- Price:4.79 | Basic:4.76 | Refer:4.74 | Dv:0.02
[10:47:07] [ INFO ]  002603 -- Price:26.85 | Basic:26.95 | Refer:26.98 | Dv:-0.03
[10:47:11] [ INFO ]  002251 -- Price:4.8 | Basic:4.81 | Refer:4.81 | Dv:0.0
[10:47:14] [ INFO ]  000983 -- Price:10.31 | Basic:10.21 | Refer:10.18 | Dv:0.03
[10:47:15] [ INFO ]  002349 -- Price:9.38 | Basic:9.39 | Refer:9.39 | Dv:0.0
[10:47:37] [ INFO ]  600115 -- Price:4.79 | Basic:4.76 | Refer:4.74 | Dv:0.02
[10:47:37] [ INFO ]  002603 -- Price:26.85 | Basic:26.95 | Refer:26.98 | Dv:-0.03
[10:47:41] [ INFO ]  002251 -- Price:4.8 | Basic:4.81 | Refer:4.81 | Dv:0.0
[10:47:45] [ INFO ]  000983 -- Price:10.31 | Basic:10.21 | Refer:10.18 | Dv:0.03
[10:47:46] [ INFO ]  002349 -- Price:9.38 | Basic:9.39 | Refer:9.39 | Dv:0.0
[10:48:07] [ INFO ]  600115 -- Price:4.79 | Basic:4.76 | Refer:4.74 | Dv:0.02
[10:48:08] [ INFO ]  002603 -- Price:26.85 | Basic:26.95 | Refer:26.98 | Dv:-0.03
[10:48:12] [ INFO ]  002251 -- Price:4.8 | Basic:4.81 | Refer:4.81 | Dv:0.0
[10:48:15] [ INFO ]  000983 -- Price:10.31 | Basic:10.21 | Refer:10.18 | Dv:0.03
[10:48:16] [ INFO ]  002349 -- Price:9.38 | Basic:9.39 | Refer:9.39 | Dv:0.0
[10:48:38] [ INFO ]  600115 -- Price:4.79 | Basic:4.76 | Refer:4.74 | Dv:0.02
[10:48:38] [ INFO ]  002603 -- Price:26.85 | Basic:26.95 | Refer:26.98 | Dv:-0.03
[10:48:42] [ INFO ]  002251 -- Price:4.8 | Basic:4.81 | Refer:4.81 | Dv:0.0
[10:48:46] [ INFO ]  000983 -- Price:10.31 | Basic:10.21 | Refer:10.18 | Dv:0.03
[10:48:50] [ INFO ]  002349 -- Price:9.38 | Basic:9.39 | Refer:9.39 | Dv:0.0
[10:49:08] [ INFO ]  600115 -- Price:4.79 | Basic:4.76 | Refer:4.74 | Dv:0.02
[10:49:09] [ INFO ]  002603 -- Price:26.85 | Basic:26.95 | Refer:26.98 | Dv:-0.03
[10:49:13] [ INFO ]  002251 -- Price:4.8 | Basic:4.81 | Refer:4.81 | Dv:0.0
[10:49:16] [ INFO ]  000983 -- Price:10.31 | Basic:10.21 | Refer:10.18 | Dv:0.03
[10:49:20] [ INFO ]  002349 -- Price:9.38 | Basic:9.39 | Refer:9.39 | Dv:0.0
[10:49:39] [ INFO ]  600115 -- Price:4.79 | Basic:4.76 | Refer:4.74 | Dv:0.02
[10:49:39] [ INFO ]  002603 -- Price:26.85 | Basic:26.95 | Refer:26.98 | Dv:-0.03
[10:49:44] [ INFO ]  002251 -- Price:4.8 | Basic:4.81 | Refer:4.81 | Dv:0.0
[10:49:47] [ INFO ]  000983 -- Price:10.31 | Basic:10.21 | Refer:10.18 | Dv:0.03
[10:49:51] [ INFO ]  002349 -- Price:9.38 | Basic:9.39 | Refer:9.39 | Dv:0.0
[10:50:09] [ INFO ]  600115 -- Price:4.79 | Basic:4.76 | Refer:4.74 | Dv:0.02
[10:50:10] [ INFO ]  002603 -- Price:26.85 | Basic:26.95 | Refer:26.98 | Dv:-0.03
[10:50:14] [ INFO ]  002251 -- Price:4.8 | Basic:4.81 | Refer:4.81 | Dv:0.0
[10:50:17] [ INFO ]  000983 -- Price:10.31 | Basic:10.21 | Refer:10.18 | Dv:0.03
[10:50:21] [ TIPS ]  600115 -- 更新5分钟k线
[10:50:21] [ TIPS ]  002349 -- 更新5分钟k线
[10:50:22] [ TIPS ]  002603 -- 更新5分钟k线
[10:50:23] [ TIPS ]  002251 -- 更新5分钟k线
[10:50:23] [ TIPS ]  000983 -- 更新5分钟k线
[10:50:27] [ INFO ]  002349 -- Price:9.38 | Basic:9.39 | Refer:9.39 | Dv:0.0
[10:50:45] [ INFO ]  600115 -- Price:4.79 | Basic:4.76 | Refer:4.74 | Dv:0.02
[10:50:46] [ INFO ]  002603 -- Price:26.85 | Basic:26.95 | Refer:26.98 | Dv:-0.03
[10:50:50] [ INFO ]  002251 -- Price:4.8 | Basic:4.81 | Refer:4.81 | Dv:0.0
[10:50:53] [ INFO ]  000983 -- Price:10.31 | Basic:10.21 | Refer:10.18 | Dv:0.03
[10:50:57] [ INFO ]  002349 -- Price:9.38 | Basic:9.39 | Refer:9.39 | Dv:0.0
[10:51:15] [ INFO ]  600115 -- Price:4.79 | Basic:4.76 | Refer:4.74 | Dv:0.02
[10:51:16] [ INFO ]  002603 -- Price:26.85 | Basic:26.95 | Refer:26.98 | Dv:-0.03
[10:51:20] [ INFO ]  002251 -- Price:4.8 | Basic:4.81 | Refer:4.81 | Dv:0.0
[10:51:23] [ INFO ]  000983 -- Price:10.31 | Basic:10.21 | Refer:10.18 | Dv:0.03
[10:51:27] [ INFO ]  002349 -- Price:9.38 | Basic:9.39 | Refer:9.39 | Dv:0.0
[10:51:46] [ INFO ]  600115 -- Price:4.79 | Basic:4.76 | Refer:4.74 | Dv:0.02
[10:51:47] [ INFO ]  002603 -- Price:26.85 | Basic:26.95 | Refer:26.98 | Dv:-0.03
[10:51:51] [ INFO ]  002251 -- Price:4.8 | Basic:4.81 | Refer:4.81 | Dv:0.0
[10:51:54] [ INFO ]  000983 -- Price:10.31 | Basic:10.21 | Refer:10.18 | Dv:0.03
[10:51:58] [ INFO ]  002349 -- Price:9.38 | Basic:9.39 | Refer:9.39 | Dv:0.0
[10:52:17] [ INFO ]  600115 -- Price:4.79 | Basic:4.76 | Refer:4.74 | Dv:0.02
[10:52:17] [ INFO ]  002603 -- Price:26.85 | Basic:26.95 | Refer:26.98 | Dv:-0.03
[10:52:21] [ INFO ]  002251 -- Price:4.8 | Basic:4.81 | Refer:4.81 | Dv:0.0
[10:52:25] [ INFO ]  000983 -- Price:10.31 | Basic:10.21 | Refer:10.18 | Dv:0.03
[10:52:28] [ INFO ]  002349 -- Price:9.38 | Basic:9.39 | Refer:9.39 | Dv:0.0
[10:52:47] [ INFO ]  600115 -- Price:4.79 | Basic:4.76 | Refer:4.74 | Dv:0.02
[10:52:48] [ INFO ]  002603 -- Price:26.85 | Basic:26.95 | Refer:26.98 | Dv:-0.03
[10:52:52] [ INFO ]  002251 -- Price:4.8 | Basic:4.81 | Refer:4.81 | Dv:0.0
[10:52:55] [ INFO ]  000983 -- Price:10.31 | Basic:10.21 | Refer:10.18 | Dv:0.03
[10:52:59] [ INFO ]  002349 -- Price:9.38 | Basic:9.39 | Refer:9.39 | Dv:0.0
[10:53:17] [ INFO ]  600115 -- Price:4.79 | Basic:4.76 | Refer:4.74 | Dv:0.02
[10:53:18] [ INFO ]  002603 -- Price:26.85 | Basic:26.95 | Refer:26.98 | Dv:-0.03
[10:53:23] [ INFO ]  002251 -- Price:4.8 | Basic:4.81 | Refer:4.81 | Dv:0.0
[10:53:26] [ INFO ]  000983 -- Price:10.31 | Basic:10.21 | Refer:10.18 | Dv:0.03
[10:53:29] [ INFO ]  002349 -- Price:9.38 | Basic:9.39 | Refer:9.39 | Dv:0.0
[10:53:48] [ INFO ]  600115 -- Price:4.79 | Basic:4.76 | Refer:4.74 | Dv:0.02
[10:53:49] [ INFO ]  002603 -- Price:26.85 | Basic:26.95 | Refer:26.98 | Dv:-0.03
[10:53:53] [ INFO ]  002251 -- Price:4.8 | Basic:4.81 | Refer:4.81 | Dv:0.0
[10:53:57] [ INFO ]  000983 -- Price:10.31 | Basic:10.21 | Refer:10.18 | Dv:0.03
[10:54:00] [ INFO ]  002349 -- Price:9.38 | Basic:9.39 | Refer:9.39 | Dv:0.0
[10:54:18] [ INFO ]  600115 -- Price:4.79 | Basic:4.76 | Refer:4.74 | Dv:0.02
[10:54:19] [ INFO ]  002603 -- Price:26.85 | Basic:26.95 | Refer:26.98 | Dv:-0.03
[10:54:24] [ INFO ]  002251 -- Price:4.8 | Basic:4.81 | Refer:4.81 | Dv:0.0
[10:54:27] [ INFO ]  000983 -- Price:10.31 | Basic:10.21 | Refer:10.18 | Dv:0.03
[10:54:31] [ INFO ]  002349 -- Price:9.38 | Basic:9.39 | Refer:9.39 | Dv:0.0
[10:54:49] [ INFO ]  600115 -- Price:4.79 | Basic:4.76 | Refer:4.74 | Dv:0.02
[10:54:50] [ INFO ]  002603 -- Price:26.85 | Basic:26.95 | Refer:26.98 | Dv:-0.03
[10:54:54] [ INFO ]  002251 -- Price:4.8 | Basic:4.81 | Refer:4.81 | Dv:0.0
[10:54:58] [ INFO ]  000983 -- Price:10.31 | Basic:10.21 | Refer:10.18 | Dv:0.03
[10:55:01] [ INFO ]  002349 -- Price:9.38 | Basic:9.39 | Refer:9.39 | Dv:0.0
[10:55:20] [ INFO ]  600115 -- Price:4.79 | Basic:4.76 | Refer:4.74 | Dv:0.02
[10:55:20] [ INFO ]  002603 -- Price:26.85 | Basic:26.95 | Refer:26.98 | Dv:-0.03
[10:55:22] [ TIPS ]  002251 -- 更新5分钟k线
[10:55:22] [ TIPS ]  000983 -- 更新5分钟k线
[10:55:23] [ TIPS ]  002349 -- 更新5分钟k线
[10:55:23] [ TIPS ]  600115 -- 更新5分钟k线
[10:55:23] [ TIPS ]  002603 -- 更新5分钟k线
[10:55:30] [ INFO ]  002251 -- Price:4.8 | Basic:4.81 | Refer:4.81 | Dv:0.0
[10:55:33] [ INFO ]  000983 -- Price:10.31 | Basic:10.21 | Refer:10.18 | Dv:0.03
[10:55:37] [ INFO ]  002349 -- Price:9.38 | Basic:9.39 | Refer:9.39 | Dv:0.0
[10:55:55] [ INFO ]  600115 -- Price:4.79 | Basic:4.76 | Refer:4.74 | Dv:0.02
[10:55:56] [ INFO ]  002603 -- Price:26.85 | Basic:26.95 | Refer:26.98 | Dv:-0.03
[10:56:00] [ INFO ]  002251 -- Price:4.8 | Basic:4.81 | Refer:4.81 | Dv:0.0
[10:56:04] [ INFO ]  000983 -- Price:10.31 | Basic:10.21 | Refer:10.18 | Dv:0.03
[10:56:08] [ INFO ]  002349 -- Price:9.38 | Basic:9.39 | Refer:9.39 | Dv:0.0
[10:56:26] [ INFO ]  600115 -- Price:4.79 | Basic:4.76 | Refer:4.74 | Dv:0.02
[10:56:27] [ INFO ]  002603 -- Price:26.85 | Basic:26.95 | Refer:26.98 | Dv:-0.03
[10:56:31] [ INFO ]  002251 -- Price:4.8 | Basic:4.81 | Refer:4.81 | Dv:0.0
[10:56:34] [ INFO ]  000983 -- Price:10.31 | Basic:10.21 | Refer:10.18 | Dv:0.03
[10:56:38] [ INFO ]  002349 -- Price:9.38 | Basic:9.39 | Refer:9.39 | Dv:0.0
[10:56:56] [ INFO ]  600115 -- Price:4.79 | Basic:4.76 | Refer:4.74 | Dv:0.02
[10:56:57] [ INFO ]  002603 -- Price:26.85 | Basic:26.95 | Refer:26.98 | Dv:-0.03
[10:57:02] [ INFO ]  002251 -- Price:4.8 | Basic:4.81 | Refer:4.81 | Dv:0.0
[10:57:05] [ INFO ]  000983 -- Price:10.31 | Basic:10.21 | Refer:10.18 | Dv:0.03
[10:57:09] [ INFO ]  002349 -- Price:9.38 | Basic:9.39 | Refer:9.39 | Dv:0.0
[10:57:27] [ INFO ]  600115 -- Price:4.79 | Basic:4.76 | Refer:4.74 | Dv:0.02
[10:57:28] [ INFO ]  002603 -- Price:26.85 | Basic:26.95 | Refer:26.98 | Dv:-0.03
[10:57:32] [ INFO ]  002251 -- Price:4.8 | Basic:4.81 | Refer:4.81 | Dv:0.0
[10:57:35] [ INFO ]  000983 -- Price:10.31 | Basic:10.21 | Refer:10.18 | Dv:0.03
[10:57:39] [ INFO ]  002349 -- Price:9.38 | Basic:9.39 | Refer:9.39 | Dv:0.0
[10:57:57] [ INFO ]  600115 -- Price:4.79 | Basic:4.76 | Refer:4.74 | Dv:0.02
[10:57:58] [ INFO ]  002603 -- Price:26.85 | Basic:26.95 | Refer:26.98 | Dv:-0.03
[10:58:03] [ INFO ]  002251 -- Price:4.8 | Basic:4.81 | Refer:4.81 | Dv:0.0
[10:58:06] [ INFO ]  000983 -- Price:10.31 | Basic:10.21 | Refer:10.18 | Dv:0.03
[10:58:10] [ INFO ]  002349 -- Price:9.38 | Basic:9.39 | Refer:9.39 | Dv:0.0
[10:58:28] [ INFO ]  600115 -- Price:4.79 | Basic:4.76 | Refer:4.74 | Dv:0.02
[10:58:29] [ INFO ]  002603 -- Price:26.85 | Basic:26.95 | Refer:26.98 | Dv:-0.03
[10:58:33] [ INFO ]  002251 -- Price:4.8 | Basic:4.81 | Refer:4.81 | Dv:0.0
[10:58:36] [ INFO ]  000983 -- Price:10.31 | Basic:10.21 | Refer:10.18 | Dv:0.03
[10:58:41] [ INFO ]  002349 -- Price:9.38 | Basic:9.39 | Refer:9.39 | Dv:0.0
[10:58:59] [ INFO ]  600115 -- Price:4.79 | Basic:4.76 | Refer:4.74 | Dv:0.02
[10:58:59] [ INFO ]  002603 -- Price:26.85 | Basic:26.95 | Refer:26.98 | Dv:-0.03
[10:59:04] [ INFO ]  002251 -- Price:4.8 | Basic:4.81 | Refer:4.81 | Dv:0.0
[10:59:07] [ INFO ]  000983 -- Price:10.31 | Basic:10.21 | Refer:10.18 | Dv:0.03
[10:59:11] [ INFO ]  002349 -- Price:9.38 | Basic:9.39 | Refer:9.39 | Dv:0.0
[10:59:29] [ INFO ]  600115 -- Price:4.79 | Basic:4.76 | Refer:4.74 | Dv:0.02
[10:59:30] [ INFO ]  002603 -- Price:26.85 | Basic:26.95 | Refer:26.98 | Dv:-0.03
[10:59:34] [ INFO ]  002251 -- Price:4.8 | Basic:4.81 | Refer:4.81 | Dv:0.0
[10:59:37] [ INFO ]  000983 -- Price:10.31 | Basic:10.21 | Refer:10.18 | Dv:0.03
[10:59:42] [ INFO ]  002349 -- Price:9.38 | Basic:9.39 | Refer:9.39 | Dv:0.0
[11:00:00] [ INFO ]  600115 -- Price:4.79 | Basic:4.76 | Refer:4.74 | Dv:0.02
[11:00:00] [ INFO ]  002603 -- Price:26.85 | Basic:26.95 | Refer:26.98 | Dv:-0.03
[11:00:05] [ INFO ]  002251 -- Price:4.8 | Basic:4.81 | Refer:4.81 | Dv:0.0
[11:00:08] [ INFO ]  000983 -- Price:10.31 | Basic:10.21 | Refer:10.18 | Dv:0.03
[11:00:12] [ INFO ]  002349 -- Price:9.38 | Basic:9.39 | Refer:9.39 | Dv:0.0
[11:00:21] [ TIPS ]  600115 -- 更新5分钟k线
[11:00:21] [ TIPS ]  002349 -- 更新5分钟k线
[11:00:22] [ TIPS ]  002603 -- 更新5分钟k线
[11:00:23] [ TIPS ]  000983 -- 更新5分钟k线
[11:00:23] [ TIPS ]  002251 -- 更新5分钟k线
[11:00:35] [ INFO ]  600115 -- Price:4.79 | Basic:4.76 | Refer:4.74 | Dv:0.02
[11:00:36] [ INFO ]  002603 -- Price:26.85 | Basic:26.95 | Refer:26.98 | Dv:-0.03
[11:00:41] [ INFO ]  002251 -- Price:4.8 | Basic:4.81 | Refer:4.81 | Dv:0.0
[11:00:44] [ INFO ]  000983 -- Price:10.31 | Basic:10.21 | Refer:10.18 | Dv:0.03
[11:00:48] [ INFO ]  002349 -- Price:9.38 | Basic:9.39 | Refer:9.39 | Dv:0.0
[11:01:06] [ INFO ]  600115 -- Price:4.79 | Basic:4.76 | Refer:4.74 | Dv:0.02
[11:01:06] [ INFO ]  002603 -- Price:26.85 | Basic:26.95 | Refer:26.98 | Dv:-0.03
[11:01:11] [ INFO ]  002251 -- Price:4.8 | Basic:4.81 | Refer:4.81 | Dv:0.0
[11:01:14] [ INFO ]  000983 -- Price:10.31 | Basic:10.21 | Refer:10.18 | Dv:0.03
[11:01:18] [ INFO ]  002349 -- Price:9.38 | Basic:9.39 | Refer:9.39 | Dv:0.0
[11:01:36] [ INFO ]  600115 -- Price:4.79 | Basic:4.76 | Refer:4.74 | Dv:0.02
[11:01:37] [ INFO ]  002603 -- Price:26.85 | Basic:26.95 | Refer:26.98 | Dv:-0.03
[11:01:41] [ INFO ]  002251 -- Price:4.8 | Basic:4.81 | Refer:4.81 | Dv:0.0
[11:01:44] [ INFO ]  000983 -- Price:10.31 | Basic:10.21 | Refer:10.18 | Dv:0.03
[11:01:49] [ INFO ]  002349 -- Price:9.38 | Basic:9.39 | Refer:9.39 | Dv:0.0
[11:02:07] [ INFO ]  600115 -- Price:4.79 | Basic:4.76 | Refer:4.74 | Dv:0.02
[11:02:07] [ INFO ]  002603 -- Price:26.85 | Basic:26.95 | Refer:26.98 | Dv:-0.03
[11:02:12] [ INFO ]  002251 -- Price:4.8 | Basic:4.81 | Refer:4.81 | Dv:0.0
[11:02:15] [ INFO ]  000983 -- Price:10.31 | Basic:10.21 | Refer:10.18 | Dv:0.03
[11:02:19] [ INFO ]  002349 -- Price:9.38 | Basic:9.39 | Refer:9.39 | Dv:0.0
[11:02:37] [ INFO ]  600115 -- Price:4.79 | Basic:4.76 | Refer:4.74 | Dv:0.02
[11:02:38] [ INFO ]  002603 -- Price:26.85 | Basic:26.95 | Refer:26.98 | Dv:-0.03
[11:02:42] [ INFO ]  002251 -- Price:4.8 | Basic:4.81 | Refer:4.81 | Dv:0.0
[11:02:45] [ INFO ]  000983 -- Price:10.31 | Basic:10.21 | Refer:10.18 | Dv:0.03
[11:02:50] [ INFO ]  002349 -- Price:9.38 | Basic:9.39 | Refer:9.39 | Dv:0.0
[11:03:08] [ INFO ]  600115 -- Price:4.79 | Basic:4.76 | Refer:4.74 | Dv:0.02
[11:03:08] [ INFO ]  002603 -- Price:26.85 | Basic:26.95 | Refer:26.98 | Dv:-0.03
[11:03:13] [ INFO ]  002251 -- Price:4.8 | Basic:4.81 | Refer:4.81 | Dv:0.0
[11:03:16] [ INFO ]  000983 -- Price:10.31 | Basic:10.21 | Refer:10.18 | Dv:0.03
[11:03:20] [ INFO ]  002349 -- Price:9.38 | Basic:9.39 | Refer:9.39 | Dv:0.0
[11:03:38] [ INFO ]  600115 -- Price:4.79 | Basic:4.76 | Refer:4.74 | Dv:0.02
[11:03:39] [ INFO ]  002603 -- Price:26.85 | Basic:26.95 | Refer:26.98 | Dv:-0.03
[11:03:43] [ INFO ]  002251 -- Price:4.8 | Basic:4.81 | Refer:4.81 | Dv:0.0
[11:03:46] [ INFO ]  000983 -- Price:10.31 | Basic:10.21 | Refer:10.18 | Dv:0.03
[11:03:51] [ INFO ]  002349 -- Price:9.38 | Basic:9.39 | Refer:9.39 | Dv:0.0
[11:04:09] [ INFO ]  600115 -- Price:4.79 | Basic:4.76 | Refer:4.74 | Dv:0.02
[11:04:09] [ INFO ]  002603 -- Price:26.85 | Basic:26.95 | Refer:26.98 | Dv:-0.03
[11:04:14] [ INFO ]  002251 -- Price:4.8 | Basic:4.81 | Refer:4.81 | Dv:0.0
[11:04:17] [ INFO ]  000983 -- Price:10.31 | Basic:10.21 | Refer:10.18 | Dv:0.03
[11:04:21] [ INFO ]  002349 -- Price:9.38 | Basic:9.39 | Refer:9.39 | Dv:0.0
[11:04:39] [ INFO ]  600115 -- Price:4.79 | Basic:4.76 | Refer:4.74 | Dv:0.02
[11:04:40] [ INFO ]  002603 -- Price:26.85 | Basic:26.95 | Refer:26.98 | Dv:-0.03
[11:04:44] [ INFO ]  002251 -- Price:4.8 | Basic:4.81 | Refer:4.81 | Dv:0.0
[11:04:47] [ INFO ]  000983 -- Price:10.31 | Basic:10.21 | Refer:10.18 | Dv:0.03
[11:04:52] [ INFO ]  002349 -- Price:9.38 | Basic:9.39 | Refer:9.39 | Dv:0.0
[11:05:10] [ INFO ]  600115 -- Price:4.79 | Basic:4.76 | Refer:4.74 | Dv:0.02
[11:05:10] [ INFO ]  002603 -- Price:26.85 | Basic:26.95 | Refer:26.98 | Dv:-0.03
[11:05:15] [ INFO ]  002251 -- Price:4.8 | Basic:4.81 | Refer:4.81 | Dv:0.0
[11:05:18] [ INFO ]  000983 -- Price:10.31 | Basic:10.21 | Refer:10.18 | Dv:0.03
[11:05:21] [ TIPS ]  002251 -- 更新5分钟k线
[11:05:21] [ TIPS ]  000983 -- 更新5分钟k线
[11:05:22] [ TIPS ]  600115 -- 更新5分钟k线
[11:05:22] [ TIPS ]  002349 -- 更新5分钟k线
[11:05:23] [ TIPS ]  002603 -- 更新5分钟k线
[11:05:27] [ INFO ]  002349 -- Price:9.38 | Basic:9.39 | Refer:9.39 | Dv:0.0
[11:05:45] [ INFO ]  600115 -- Price:4.79 | Basic:4.76 | Refer:4.74 | Dv:0.02
[11:05:46] [ INFO ]  002603 -- Price:26.85 | Basic:26.95 | Refer:26.98 | Dv:-0.03
[11:05:50] [ INFO ]  002251 -- Price:4.8 | Basic:4.81 | Refer:4.81 | Dv:0.0
[11:05:54] [ INFO ]  000983 -- Price:10.31 | Basic:10.21 | Refer:10.18 | Dv:0.03
[11:05:58] [ INFO ]  002349 -- Price:9.38 | Basic:9.39 | Refer:9.39 | Dv:0.0
[11:06:16] [ INFO ]  600115 -- Price:4.79 | Basic:4.76 | Refer:4.74 | Dv:0.02
[11:06:17] [ INFO ]  002603 -- Price:26.85 | Basic:26.95 | Refer:26.98 | Dv:-0.03
[11:06:21] [ INFO ]  002251 -- Price:4.8 | Basic:4.81 | Refer:4.81 | Dv:0.0
[11:06:24] [ INFO ]  000983 -- Price:10.31 | Basic:10.21 | Refer:10.18 | Dv:0.03
[11:06:28] [ INFO ]  002349 -- Price:9.38 | Basic:9.39 | Refer:9.39 | Dv:0.0
[11:06:46] [ INFO ]  600115 -- Price:4.79 | Basic:4.76 | Refer:4.74 | Dv:0.02
[11:06:47] [ INFO ]  002603 -- Price:26.85 | Basic:26.95 | Refer:26.98 | Dv:-0.03
[11:06:51] [ INFO ]  002251 -- Price:4.8 | Basic:4.81 | Refer:4.81 | Dv:0.0
[11:06:54] [ INFO ]  000983 -- Price:10.31 | Basic:10.21 | Refer:10.18 | Dv:0.03
[11:06:59] [ INFO ]  002349 -- Price:9.38 | Basic:9.39 | Refer:9.39 | Dv:0.0
[11:07:17] [ INFO ]  600115 -- Price:4.79 | Basic:4.76 | Refer:4.74 | Dv:0.02
[11:07:18] [ INFO ]  002603 -- Price:26.85 | Basic:26.95 | Refer:26.98 | Dv:-0.03
[11:07:22] [ INFO ]  002251 -- Price:4.8 | Basic:4.81 | Refer:4.81 | Dv:0.0
[11:07:25] [ INFO ]  000983 -- Price:10.31 | Basic:10.21 | Refer:10.18 | Dv:0.03
[11:07:29] [ INFO ]  002349 -- Price:9.38 | Basic:9.39 | Refer:9.39 | Dv:0.0
[11:07:47] [ INFO ]  600115 -- Price:4.79 | Basic:4.76 | Refer:4.74 | Dv:0.02
[11:07:48] [ INFO ]  002603 -- Price:26.85 | Basic:26.95 | Refer:26.98 | Dv:-0.03
[11:07:52] [ INFO ]  002251 -- Price:4.8 | Basic:4.81 | Refer:4.81 | Dv:0.0
[11:07:55] [ INFO ]  000983 -- Price:10.31 | Basic:10.21 | Refer:10.18 | Dv:0.03
[11:08:00] [ INFO ]  002349 -- Price:9.38 | Basic:9.39 | Refer:9.39 | Dv:0.0
[11:08:18] [ INFO ]  600115 -- Price:4.79 | Basic:4.76 | Refer:4.74 | Dv:0.02
[11:08:19] [ INFO ]  002603 -- Price:26.85 | Basic:26.95 | Refer:26.98 | Dv:-0.03
[11:08:23] [ INFO ]  002251 -- Price:4.8 | Basic:4.81 | Refer:4.81 | Dv:0.0
[11:08:27] [ INFO ]  000983 -- Price:10.31 | Basic:10.21 | Refer:10.18 | Dv:0.03
[11:08:30] [ INFO ]  002349 -- Price:9.38 | Basic:9.39 | Refer:9.39 | Dv:0.0
[11:08:49] [ INFO ]  600115 -- Price:4.79 | Basic:4.76 | Refer:4.74 | Dv:0.02
[11:08:49] [ INFO ]  002603 -- Price:26.85 | Basic:26.95 | Refer:26.98 | Dv:-0.03
[11:08:53] [ INFO ]  002251 -- Price:4.8 | Basic:4.81 | Refer:4.81 | Dv:0.0
[11:08:57] [ INFO ]  000983 -- Price:10.31 | Basic:10.21 | Refer:10.18 | Dv:0.03
[11:09:01] [ INFO ]  002349 -- Price:9.38 | Basic:9.39 | Refer:9.39 | Dv:0.0
[11:09:19] [ INFO ]  600115 -- Price:4.79 | Basic:4.76 | Refer:4.74 | Dv:0.02
[11:09:20] [ INFO ]  002603 -- Price:26.85 | Basic:26.95 | Refer:26.98 | Dv:-0.03
[11:09:24] [ INFO ]  002251 -- Price:4.8 | Basic:4.81 | Refer:4.81 | Dv:0.0
[11:09:28] [ INFO ]  000983 -- Price:10.31 | Basic:10.21 | Refer:10.18 | Dv:0.03
[11:09:31] [ INFO ]  002349 -- Price:9.38 | Basic:9.39 | Refer:9.39 | Dv:0.0
[11:09:50] [ INFO ]  600115 -- Price:4.79 | Basic:4.76 | Refer:4.74 | Dv:0.02
[11:09:50] [ INFO ]  002603 -- Price:26.85 | Basic:26.95 | Refer:26.98 | Dv:-0.03
[11:09:54] [ INFO ]  002251 -- Price:4.8 | Basic:4.81 | Refer:4.81 | Dv:0.0
[11:09:58] [ INFO ]  000983 -- Price:10.31 | Basic:10.21 | Refer:10.18 | Dv:0.03
[11:10:02] [ INFO ]  002349 -- Price:9.38 | Basic:9.39 | Refer:9.39 | Dv:0.0
[11:10:20] [ INFO ]  600115 -- Price:4.79 | Basic:4.76 | Refer:4.74 | Dv:0.02
[11:10:21] [ TIPS ]  002603 -- 更新5分钟k线
[11:10:22] [ TIPS ]  002251 -- 更新5分钟k线
[11:10:23] [ TIPS ]  000983 -- 更新5分钟k线
[11:10:23] [ TIPS ]  002349 -- 更新5分钟k线
[11:10:23] [ TIPS ]  600115 -- 更新5分钟k线
[11:10:26] [ INFO ]  002603 -- Price:26.85 | Basic:26.95 | Refer:26.98 | Dv:-0.03
[11:10:30] [ INFO ]  002251 -- Price:4.8 | Basic:4.81 | Refer:4.81 | Dv:0.0
[11:10:34] [ INFO ]  000983 -- Price:10.31 | Basic:10.21 | Refer:10.18 | Dv:0.03
[11:10:37] [ INFO ]  002349 -- Price:9.38 | Basic:9.39 | Refer:9.39 | Dv:0.0
[11:10:56] [ INFO ]  600115 -- Price:4.79 | Basic:4.76 | Refer:4.74 | Dv:0.02
[11:10:56] [ INFO ]  002603 -- Price:26.85 | Basic:26.95 | Refer:26.98 | Dv:-0.03
[11:11:01] [ INFO ]  002251 -- Price:4.8 | Basic:4.81 | Refer:4.81 | Dv:0.0
[11:11:04] [ INFO ]  000983 -- Price:10.31 | Basic:10.21 | Refer:10.18 | Dv:0.03
[11:11:08] [ INFO ]  002349 -- Price:9.38 | Basic:9.39 | Refer:9.39 | Dv:0.0
[11:11:26] [ INFO ]  600115 -- Price:4.79 | Basic:4.76 | Refer:4.74 | Dv:0.02
[11:11:27] [ INFO ]  002603 -- Price:26.85 | Basic:26.95 | Refer:26.98 | Dv:-0.03
[11:11:31] [ INFO ]  002251 -- Price:4.8 | Basic:4.81 | Refer:4.81 | Dv:0.0
[11:11:35] [ INFO ]  000983 -- Price:10.31 | Basic:10.21 | Refer:10.18 | Dv:0.03
[11:11:38] [ INFO ]  002349 -- Price:9.38 | Basic:9.39 | Refer:9.39 | Dv:0.0
[11:11:57] [ INFO ]  600115 -- Price:4.79 | Basic:4.76 | Refer:4.74 | Dv:0.02
[11:11:57] [ INFO ]  002603 -- Price:26.85 | Basic:26.95 | Refer:26.98 | Dv:-0.03
[11:12:02] [ INFO ]  002251 -- Price:4.8 | Basic:4.81 | Refer:4.81 | Dv:0.0
[11:12:05] [ INFO ]  000983 -- Price:10.31 | Basic:10.21 | Refer:10.18 | Dv:0.03
[11:12:09] [ INFO ]  002349 -- Price:9.38 | Basic:9.39 | Refer:9.39 | Dv:0.0
[11:12:27] [ INFO ]  600115 -- Price:4.79 | Basic:4.76 | Refer:4.74 | Dv:0.02
[11:12:28] [ INFO ]  002603 -- Price:26.85 | Basic:26.95 | Refer:26.98 | Dv:-0.03
[11:12:32] [ INFO ]  002251 -- Price:4.8 | Basic:4.81 | Refer:4.81 | Dv:0.0
[11:12:36] [ INFO ]  000983 -- Price:10.31 | Basic:10.21 | Refer:10.18 | Dv:0.03
[11:12:39] [ INFO ]  002349 -- Price:9.38 | Basic:9.39 | Refer:9.39 | Dv:0.0
[11:12:58] [ INFO ]  600115 -- Price:4.79 | Basic:4.76 | Refer:4.74 | Dv:0.02
[11:12:58] [ INFO ]  002603 -- Price:26.85 | Basic:26.95 | Refer:26.98 | Dv:-0.03
[11:13:03] [ INFO ]  002251 -- Price:4.8 | Basic:4.81 | Refer:4.81 | Dv:0.0
[11:13:06] [ INFO ]  000983 -- Price:10.31 | Basic:10.21 | Refer:10.18 | Dv:0.03
[11:13:10] [ INFO ]  002349 -- Price:9.38 | Basic:9.39 | Refer:9.39 | Dv:0.0
[11:13:28] [ INFO ]  600115 -- Price:4.79 | Basic:4.76 | Refer:4.74 | Dv:0.02
[11:13:29] [ INFO ]  002603 -- Price:26.85 | Basic:26.95 | Refer:26.98 | Dv:-0.03
[11:13:33] [ INFO ]  002251 -- Price:4.8 | Basic:4.81 | Refer:4.81 | Dv:0.0
[11:13:37] [ INFO ]  000983 -- Price:10.31 | Basic:10.21 | Refer:10.18 | Dv:0.03
[11:13:41] [ INFO ]  002349 -- Price:9.38 | Basic:9.39 | Refer:9.39 | Dv:0.0
[11:13:59] [ INFO ]  600115 -- Price:4.79 | Basic:4.76 | Refer:4.74 | Dv:0.02
[11:13:59] [ INFO ]  002603 -- Price:26.85 | Basic:26.95 | Refer:26.98 | Dv:-0.03
[11:14:04] [ INFO ]  002251 -- Price:4.8 | Basic:4.81 | Refer:4.81 | Dv:0.0
[11:14:07] [ INFO ]  000983 -- Price:10.31 | Basic:10.21 | Refer:10.18 | Dv:0.03
[11:14:11] [ INFO ]  002349 -- Price:9.38 | Basic:9.39 | Refer:9.39 | Dv:0.0
[11:14:29] [ INFO ]  600115 -- Price:4.79 | Basic:4.76 | Refer:4.74 | Dv:0.02
[11:14:30] [ INFO ]  002603 -- Price:26.85 | Basic:26.95 | Refer:26.98 | Dv:-0.03
[11:14:34] [ INFO ]  002251 -- Price:4.8 | Basic:4.81 | Refer:4.81 | Dv:0.0
[11:14:38] [ INFO ]  000983 -- Price:10.31 | Basic:10.21 | Refer:10.18 | Dv:0.03
[11:14:41] [ INFO ]  002349 -- Price:9.38 | Basic:9.39 | Refer:9.39 | Dv:0.0
[11:15:00] [ INFO ]  600115 -- Price:4.79 | Basic:4.76 | Refer:4.74 | Dv:0.02
[11:15:00] [ INFO ]  002603 -- Price:26.85 | Basic:26.95 | Refer:26.98 | Dv:-0.03
[11:15:05] [ INFO ]  002251 -- Price:4.8 | Basic:4.81 | Refer:4.81 | Dv:0.0
[11:15:08] [ INFO ]  000983 -- Price:10.31 | Basic:10.21 | Refer:10.18 | Dv:0.03
[11:15:12] [ INFO ]  002349 -- Price:9.38 | Basic:9.39 | Refer:9.39 | Dv:0.0
[11:15:21] [ TIPS ]  000983 -- 更新5分钟k线
[11:15:21] [ TIPS ]  002349 -- 更新5分钟k线
[11:15:21] [ TIPS ]  600115 -- 更新5分钟k线
[11:15:22] [ TIPS ]  002603 -- 更新5分钟k线
[11:15:23] [ TIPS ]  002251 -- 更新5分钟k线
[11:15:36] [ INFO ]  600115 -- Price:4.79 | Basic:4.76 | Refer:4.74 | Dv:0.02
[11:15:36] [ INFO ]  002603 -- Price:26.85 | Basic:26.95 | Refer:26.98 | Dv:-0.03
[11:15:41] [ INFO ]  002251 -- Price:4.8 | Basic:4.81 | Refer:4.81 | Dv:0.0
[11:15:44] [ INFO ]  000983 -- Price:10.31 | Basic:10.21 | Refer:10.18 | Dv:0.03
[11:15:48] [ INFO ]  002349 -- Price:9.38 | Basic:9.39 | Refer:9.39 | Dv:0.0
[11:16:06] [ INFO ]  600115 -- Price:4.79 | Basic:4.76 | Refer:4.74 | Dv:0.02
[11:16:06] [ INFO ]  002603 -- Price:26.85 | Basic:26.95 | Refer:26.98 | Dv:-0.03
[11:16:11] [ INFO ]  002251 -- Price:4.8 | Basic:4.81 | Refer:4.81 | Dv:0.0
[11:16:15] [ INFO ]  000983 -- Price:10.31 | Basic:10.21 | Refer:10.18 | Dv:0.03
[11:16:18] [ INFO ]  002349 -- Price:9.38 | Basic:9.39 | Refer:9.39 | Dv:0.0
[11:16:37] [ INFO ]  600115 -- Price:4.79 | Basic:4.76 | Refer:4.74 | Dv:0.02
[11:16:37] [ INFO ]  002603 -- Price:26.85 | Basic:26.95 | Refer:26.98 | Dv:-0.03
[11:16:42] [ INFO ]  002251 -- Price:4.8 | Basic:4.81 | Refer:4.81 | Dv:0.0
[11:16:45] [ INFO ]  000983 -- Price:10.31 | Basic:10.21 | Refer:10.18 | Dv:0.03
[11:16:49] [ INFO ]  002349 -- Price:9.38 | Basic:9.39 | Refer:9.39 | Dv:0.0
[11:17:07] [ INFO ]  600115 -- Price:4.79 | Basic:4.76 | Refer:4.74 | Dv:0.02
[11:17:07] [ INFO ]  002603 -- Price:26.85 | Basic:26.95 | Refer:26.98 | Dv:-0.03
[11:17:12] [ INFO ]  002251 -- Price:4.8 | Basic:4.81 | Refer:4.81 | Dv:0.0
[11:17:16] [ INFO ]  000983 -- Price:10.31 | Basic:10.21 | Refer:10.18 | Dv:0.03
[11:17:19] [ INFO ]  002349 -- Price:9.38 | Basic:9.39 | Refer:9.39 | Dv:0.0
[11:17:38] [ INFO ]  600115 -- Price:4.79 | Basic:4.76 | Refer:4.74 | Dv:0.02
[11:17:38] [ INFO ]  002603 -- Price:26.85 | Basic:26.95 | Refer:26.98 | Dv:-0.03
[11:17:43] [ INFO ]  002251 -- Price:4.8 | Basic:4.81 | Refer:4.81 | Dv:0.0
[11:17:46] [ INFO ]  000983 -- Price:10.31 | Basic:10.21 | Refer:10.18 | Dv:0.03
[11:17:50] [ INFO ]  002349 -- Price:9.38 | Basic:9.39 | Refer:9.39 | Dv:0.0
[11:18:08] [ INFO ]  600115 -- Price:4.79 | Basic:4.76 | Refer:4.74 | Dv:0.02
[11:18:09] [ INFO ]  002603 -- Price:26.85 | Basic:26.95 | Refer:26.98 | Dv:-0.03
[11:18:13] [ INFO ]  002251 -- Price:4.8 | Basic:4.81 | Refer:4.81 | Dv:0.0
[11:18:17] [ INFO ]  000983 -- Price:10.31 | Basic:10.21 | Refer:10.18 | Dv:0.03
[11:18:20] [ INFO ]  002349 -- Price:9.38 | Basic:9.39 | Refer:9.39 | Dv:0.0
[11:18:39] [ INFO ]  600115 -- Price:4.79 | Basic:4.76 | Refer:4.74 | Dv:0.02
[11:18:39] [ INFO ]  002603 -- Price:26.85 | Basic:26.95 | Refer:26.98 | Dv:-0.03
[11:18:44] [ INFO ]  002251 -- Price:4.8 | Basic:4.81 | Refer:4.81 | Dv:0.0
[11:18:48] [ INFO ]  000983 -- Price:10.31 | Basic:10.21 | Refer:10.18 | Dv:0.03
[11:18:51] [ INFO ]  002349 -- Price:9.38 | Basic:9.39 | Refer:9.39 | Dv:0.0
[11:19:09] [ INFO ]  600115 -- Price:4.79 | Basic:4.76 | Refer:4.74 | Dv:0.02
[11:19:10] [ INFO ]  002603 -- Price:26.85 | Basic:26.95 | Refer:26.98 | Dv:-0.03
[11:19:14] [ INFO ]  002251 -- Price:4.8 | Basic:4.81 | Refer:4.81 | Dv:0.0
[11:19:18] [ INFO ]  000983 -- Price:10.31 | Basic:10.21 | Refer:10.18 | Dv:0.03
[11:19:21] [ INFO ]  002349 -- Price:9.38 | Basic:9.39 | Refer:9.39 | Dv:0.0
[11:19:40] [ INFO ]  600115 -- Price:4.79 | Basic:4.76 | Refer:4.74 | Dv:0.02
[11:19:40] [ INFO ]  002603 -- Price:26.85 | Basic:26.95 | Refer:26.98 | Dv:-0.03
[11:19:45] [ INFO ]  002251 -- Price:4.8 | Basic:4.81 | Refer:4.81 | Dv:0.0
[11:19:49] [ INFO ]  000983 -- Price:10.31 | Basic:10.21 | Refer:10.18 | Dv:0.03
[11:19:52] [ INFO ]  002349 -- Price:9.38 | Basic:9.39 | Refer:9.39 | Dv:0.0
[11:20:10] [ INFO ]  600115 -- Price:4.79 | Basic:4.76 | Refer:4.74 | Dv:0.02
[11:20:11] [ INFO ]  002603 -- Price:26.85 | Basic:26.95 | Refer:26.98 | Dv:-0.03
[11:20:15] [ INFO ]  002251 -- Price:4.8 | Basic:4.81 | Refer:4.81 | Dv:0.0
[11:20:19] [ INFO ]  000983 -- Price:10.31 | Basic:10.21 | Refer:10.18 | Dv:0.03
[11:20:21] [ TIPS ]  002251 -- 更新5分钟k线
[11:20:22] [ TIPS ]  002349 -- 更新5分钟k线
[11:20:22] [ TIPS ]  000983 -- 更新5分钟k线
[11:20:22] [ TIPS ]  600115 -- 更新5分钟k线
[11:20:23] [ TIPS ]  002603 -- 更新5分钟k线
[11:20:27] [ INFO ]  002349 -- Price:9.38 | Basic:9.39 | Refer:9.39 | Dv:0.0
[11:20:46] [ INFO ]  600115 -- Price:4.79 | Basic:4.76 | Refer:4.74 | Dv:0.02
[11:20:46] [ INFO ]  002603 -- Price:26.85 | Basic:26.95 | Refer:26.98 | Dv:-0.03
[11:20:51] [ INFO ]  002251 -- Price:4.8 | Basic:4.81 | Refer:4.81 | Dv:0.0
[11:20:55] [ INFO ]  000983 -- Price:10.31 | Basic:10.21 | Refer:10.18 | Dv:0.03
[11:20:58] [ INFO ]  002349 -- Price:9.38 | Basic:9.39 | Refer:9.39 | Dv:0.0
[11:21:17] [ INFO ]  600115 -- Price:4.79 | Basic:4.76 | Refer:4.74 | Dv:0.02
[11:21:17] [ INFO ]  002603 -- Price:26.85 | Basic:26.95 | Refer:26.98 | Dv:-0.03
[11:21:21] [ INFO ]  002251 -- Price:4.8 | Basic:4.81 | Refer:4.81 | Dv:0.0
[11:21:25] [ INFO ]  000983 -- Price:10.31 | Basic:10.21 | Refer:10.18 | Dv:0.03
[11:21:28] [ INFO ]  002349 -- Price:9.38 | Basic:9.39 | Refer:9.39 | Dv:0.0
[11:21:47] [ INFO ]  600115 -- Price:4.79 | Basic:4.76 | Refer:4.74 | Dv:0.02
[11:21:47] [ INFO ]  002603 -- Price:26.85 | Basic:26.95 | Refer:26.98 | Dv:-0.03
[11:21:52] [ INFO ]  002251 -- Price:4.8 | Basic:4.81 | Refer:4.81 | Dv:0.0
[11:21:56] [ INFO ]  000983 -- Price:10.31 | Basic:10.21 | Refer:10.18 | Dv:0.03
[11:21:59] [ INFO ]  002349 -- Price:9.38 | Basic:9.39 | Refer:9.39 | Dv:0.0
[11:22:18] [ INFO ]  600115 -- Price:4.79 | Basic:4.76 | Refer:4.74 | Dv:0.02
[11:22:18] [ INFO ]  002603 -- Price:26.85 | Basic:26.95 | Refer:26.98 | Dv:-0.03
[11:22:22] [ INFO ]  002251 -- Price:4.8 | Basic:4.81 | Refer:4.81 | Dv:0.0
[11:22:26] [ INFO ]  000983 -- Price:10.31 | Basic:10.21 | Refer:10.18 | Dv:0.03
[11:22:30] [ INFO ]  002349 -- Price:9.38 | Basic:9.39 | Refer:9.39 | Dv:0.0
[11:22:48] [ INFO ]  600115 -- Price:4.79 | Basic:4.76 | Refer:4.74 | Dv:0.02
[11:22:48] [ INFO ]  002603 -- Price:26.85 | Basic:26.95 | Refer:26.98 | Dv:-0.03
[11:22:53] [ INFO ]  002251 -- Price:4.8 | Basic:4.81 | Refer:4.81 | Dv:0.0
[11:22:57] [ INFO ]  000983 -- Price:10.31 | Basic:10.21 | Refer:10.18 | Dv:0.03
[11:23:00] [ INFO ]  002349 -- Price:9.38 | Basic:9.39 | Refer:9.39 | Dv:0.0
[11:23:19] [ INFO ]  600115 -- Price:4.79 | Basic:4.76 | Refer:4.74 | Dv:0.02
[11:23:19] [ INFO ]  002603 -- Price:26.85 | Basic:26.95 | Refer:26.98 | Dv:-0.03
[11:23:23] [ INFO ]  002251 -- Price:4.8 | Basic:4.81 | Refer:4.81 | Dv:0.0
[11:23:28] [ INFO ]  000983 -- Price:10.31 | Basic:10.21 | Refer:10.18 | Dv:0.03
[11:23:31] [ INFO ]  002349 -- Price:9.38 | Basic:9.39 | Refer:9.39 | Dv:0.0
[11:23:49] [ INFO ]  600115 -- Price:4.79 | Basic:4.76 | Refer:4.74 | Dv:0.02
[11:23:49] [ INFO ]  002603 -- Price:26.85 | Basic:26.95 | Refer:26.98 | Dv:-0.03
[11:23:54] [ INFO ]  002251 -- Price:4.8 | Basic:4.81 | Refer:4.81 | Dv:0.0
[11:23:58] [ INFO ]  000983 -- Price:10.31 | Basic:10.21 | Refer:10.18 | Dv:0.03
[11:24:01] [ INFO ]  002349 -- Price:9.38 | Basic:9.39 | Refer:9.39 | Dv:0.0
[11:24:20] [ INFO ]  600115 -- Price:4.79 | Basic:4.76 | Refer:4.74 | Dv:0.02
[11:24:20] [ INFO ]  002603 -- Price:26.85 | Basic:26.95 | Refer:26.98 | Dv:-0.03
[11:24:25] [ INFO ]  002251 -- Price:4.8 | Basic:4.81 | Refer:4.81 | Dv:0.0
[11:24:32] [ INFO ]  002349 -- Price:9.38 | Basic:9.39 | Refer:9.39 | Dv:0.0
[11:24:32] [ INFO ]  000983 -- Price:10.31 | Basic:10.21 | Refer:10.18 | Dv:0.03
[11:24:50] [ INFO ]  600115 -- Price:4.79 | Basic:4.76 | Refer:4.74 | Dv:0.02
[11:24:51] [ INFO ]  002603 -- Price:26.85 | Basic:26.95 | Refer:26.98 | Dv:-0.03
[11:24:55] [ INFO ]  002251 -- Price:4.8 | Basic:4.81 | Refer:4.81 | Dv:0.0
[11:25:02] [ INFO ]  002349 -- Price:9.38 | Basic:9.39 | Refer:9.39 | Dv:0.0
[11:25:02] [ INFO ]  000983 -- Price:10.31 | Basic:10.21 | Refer:10.18 | Dv:0.03
[11:25:21] [ TIPS ]  000983 -- 更新5分钟k线
[11:25:21] [ TIPS ]  600115 -- 更新5分钟k线
[11:25:21] [ TIPS ]  002603 -- 更新5分钟k线
[11:25:23] [ TIPS ]  002251 -- 更新5分钟k线
[11:25:23] [ TIPS ]  002349 -- 更新5分钟k线
[11:25:26] [ INFO ]  600115 -- Price:4.79 | Basic:4.76 | Refer:4.74 | Dv:0.02
[11:25:26] [ INFO ]  002603 -- Price:26.85 | Basic:26.95 | Refer:26.98 | Dv:-0.03
[11:25:31] [ INFO ]  002251 -- Price:4.8 | Basic:4.81 | Refer:4.81 | Dv:0.0
[11:25:38] [ INFO ]  002349 -- Price:9.38 | Basic:9.39 | Refer:9.39 | Dv:0.0
[11:25:38] [ INFO ]  000983 -- Price:10.31 | Basic:10.21 | Refer:10.18 | Dv:0.03
[11:25:56] [ INFO ]  600115 -- Price:4.79 | Basic:4.76 | Refer:4.74 | Dv:0.02
[11:25:57] [ INFO ]  002603 -- Price:26.85 | Basic:26.95 | Refer:26.98 | Dv:-0.03
[11:26:02] [ INFO ]  002251 -- Price:4.8 | Basic:4.81 | Refer:4.81 | Dv:0.0
[11:26:08] [ INFO ]  002349 -- Price:9.38 | Basic:9.39 | Refer:9.39 | Dv:0.0
[11:26:09] [ INFO ]  000983 -- Price:10.31 | Basic:10.21 | Refer:10.18 | Dv:0.03
[11:26:27] [ INFO ]  600115 -- Price:4.79 | Basic:4.76 | Refer:4.74 | Dv:0.02
[11:26:27] [ INFO ]  002603 -- Price:26.85 | Basic:26.95 | Refer:26.98 | Dv:-0.03
[11:26:32] [ INFO ]  002251 -- Price:4.8 | Basic:4.81 | Refer:4.81 | Dv:0.0
[11:26:39] [ INFO ]  002349 -- Price:9.38 | Basic:9.39 | Refer:9.39 | Dv:0.0
[11:26:39] [ INFO ]  000983 -- Price:10.31 | Basic:10.21 | Refer:10.18 | Dv:0.03
[11:26:57] [ INFO ]  600115 -- Price:4.79 | Basic:4.76 | Refer:4.74 | Dv:0.02
[11:26:58] [ INFO ]  002603 -- Price:26.85 | Basic:26.95 | Refer:26.98 | Dv:-0.03
[11:27:03] [ INFO ]  002251 -- Price:4.8 | Basic:4.81 | Refer:4.81 | Dv:0.0
[11:27:09] [ INFO ]  002349 -- Price:9.38 | Basic:9.39 | Refer:9.39 | Dv:0.0
[11:27:09] [ INFO ]  000983 -- Price:10.31 | Basic:10.21 | Refer:10.18 | Dv:0.03
[11:27:28] [ INFO ]  600115 -- Price:4.79 | Basic:4.76 | Refer:4.74 | Dv:0.02
[11:27:28] [ INFO ]  002603 -- Price:26.85 | Basic:26.95 | Refer:26.98 | Dv:-0.03
[11:27:33] [ INFO ]  002251 -- Price:4.8 | Basic:4.81 | Refer:4.81 | Dv:0.0
[11:27:40] [ INFO ]  002349 -- Price:9.38 | Basic:9.39 | Refer:9.39 | Dv:0.0
[11:27:40] [ INFO ]  000983 -- Price:10.31 | Basic:10.21 | Refer:10.18 | Dv:0.03
[11:27:58] [ INFO ]  600115 -- Price:4.79 | Basic:4.76 | Refer:4.74 | Dv:0.02
[11:27:59] [ INFO ]  002603 -- Price:26.85 | Basic:26.95 | Refer:26.98 | Dv:-0.03
[11:28:04] [ INFO ]  002251 -- Price:4.8 | Basic:4.81 | Refer:4.81 | Dv:0.0
[11:28:10] [ INFO ]  002349 -- Price:9.38 | Basic:9.39 | Refer:9.39 | Dv:0.0
[11:28:10] [ INFO ]  000983 -- Price:10.31 | Basic:10.21 | Refer:10.18 | Dv:0.03
[11:28:29] [ INFO ]  600115 -- Price:4.79 | Basic:4.76 | Refer:4.74 | Dv:0.02
[11:28:29] [ INFO ]  002603 -- Price:26.85 | Basic:26.95 | Refer:26.98 | Dv:-0.03
[11:28:34] [ INFO ]  002251 -- Price:4.8 | Basic:4.81 | Refer:4.81 | Dv:0.0
[11:28:41] [ INFO ]  002349 -- Price:9.38 | Basic:9.39 | Refer:9.39 | Dv:0.0
[11:28:41] [ INFO ]  000983 -- Price:10.31 | Basic:10.21 | Refer:10.18 | Dv:0.03
[11:28:59] [ INFO ]  600115 -- Price:4.79 | Basic:4.76 | Refer:4.74 | Dv:0.02
[11:29:00] [ INFO ]  002603 -- Price:26.85 | Basic:26.95 | Refer:26.98 | Dv:-0.03
[11:29:05] [ INFO ]  002251 -- Price:4.8 | Basic:4.81 | Refer:4.81 | Dv:0.0
[11:29:11] [ INFO ]  002349 -- Price:9.38 | Basic:9.39 | Refer:9.39 | Dv:0.0
[11:29:12] [ INFO ]  000983 -- Price:10.31 | Basic:10.21 | Refer:10.18 | Dv:0.03
[11:29:29] [ INFO ]  600115 -- Price:4.79 | Basic:4.76 | Refer:4.74 | Dv:0.02
[11:29:31] [ INFO ]  002603 -- Price:26.85 | Basic:26.95 | Refer:26.98 | Dv:-0.03
[11:29:35] [ INFO ]  002251 -- Price:4.8 | Basic:4.81 | Refer:4.81 | Dv:0.0
[11:29:42] [ INFO ]  002349 -- Price:9.38 | Basic:9.39 | Refer:9.39 | Dv:0.0
[11:29:42] [ INFO ]  000983 -- Price:10.31 | Basic:10.21 | Refer:10.18 | Dv:0.03
[11:30:00] [ INFO ]  600115 -- Price:4.79 | Basic:4.76 | Refer:4.74 | Dv:0.02
